2021/06/21 08:40:27 [notice] 1#1: using the "epoll" event method
2021/06/21 08:40:27 [notice] 1#1: nginx/1.21.0
2021/06/21 08:40:27 [notice] 1#1: built by gcc 10.2.1 20201203 (Alpine 10.2.1_pre1) 
2021/06/21 08:40:27 [notice] 1#1: OS: Linux 5.4.72-microsoft-standard-WSL2
2021/06/21 08:40:27 [notice] 1#1: getrlimit(RLIMIT_NOFILE): 1048576:1048576
2021/06/21 08:40:27 [notice] 1#1: start worker processes
2021/06/21 08:40:27 [notice] 1#1: start worker process 42
2021/06/21 08:40:27 [notice] 1#1: start worker process 43
2021/06/21 08:40:27 [notice] 1#1: start worker process 44
2021/06/21 08:40:27 [notice] 1#1: start worker process 45
2021/06/21 08:40:27 [notice] 1#1: start worker process 46
2021/06/21 08:40:27 [notice] 1#1: start worker process 47
2021/06/21 08:40:27 [notice] 1#1: start worker process 48
2021/06/21 08:40:27 [notice] 1#1: start worker process 49
2021/06/21 15:55:43 [notice] 47#47: signal 15 (SIGTERM) received, exiting
2021/06/21 15:55:43 [notice] 47#47: exiting
2021/06/21 15:55:43 [notice] 47#47: exit
2021/06/21 15:55:43 [notice] 48#48: signal 15 (SIGTERM) received, exiting
2021/06/21 15:55:43 [notice] 48#48: exiting
2021/06/21 15:55:43 [notice] 44#44: signal 15 (SIGTERM) received, exiting
2021/06/21 15:55:43 [notice] 44#44: exiting
2021/06/21 15:55:43 [notice] 48#48: exit
2021/06/21 15:55:43 [notice] 44#44: exit
2021/06/21 15:55:43 [notice] 46#46: signal 15 (SIGTERM) received, exiting
2021/06/21 15:55:43 [notice] 45#45: signal 15 (SIGTERM) received, exiting
2021/06/21 15:55:43 [notice] 45#45: exiting
2021/06/21 15:55:43 [notice] 49#49: signal 15 (SIGTERM) received, exiting
2021/06/21 15:55:43 [notice] 49#49: exiting
2021/06/21 15:55:43 [notice] 43#43: signal 15 (SIGTERM) received, exiting
2021/06/21 15:55:43 [notice] 46#46: exiting
2021/06/21 15:55:43 [notice] 42#42: signal 15 (SIGTERM) received, exiting
2021/06/21 15:55:43 [notice] 1#1: signal 15 (SIGTERM) received, exiting
2021/06/21 15:55:43 [notice] 43#43: exiting
2021/06/21 15:55:43 [notice] 45#45: exit
2021/06/21 15:55:43 [notice] 49#49: exit
2021/06/21 15:55:43 [notice] 46#46: exit
2021/06/21 15:55:43 [notice] 1#1: signal 17 (SIGCHLD) received from 48
2021/06/21 15:55:43 [notice] 42#42: exiting
2021/06/21 15:55:43 [notice] 42#42: exit
2021/06/21 15:55:43 [notice] 43#43: exit
2021/06/21 15:55:43 [notice] 1#1: worker process 47 exited with code 0
2021/06/21 15:55:43 [notice] 1#1: worker process 48 exited with code 0
2021/06/21 15:55:43 [notice] 1#1: signal 14 (SIGALRM) received
2021/06/21 15:55:43 [notice] 1#1: signal 29 (SIGIO) received
2021/06/21 15:55:43 [notice] 1#1: signal 17 (SIGCHLD) received from 44
2021/06/21 15:55:43 [notice] 1#1: worker process 44 exited with code 0
2021/06/21 15:55:43 [notice] 1#1: signal 29 (SIGIO) received
2021/06/21 15:55:43 [notice] 1#1: signal 14 (SIGALRM) received
2021/06/21 15:55:44 [notice] 1#1: signal 17 (SIGCHLD) received from 49
2021/06/21 15:55:44 [notice] 1#1: worker process 49 exited with code 0
2021/06/21 15:55:44 [notice] 1#1: signal 29 (SIGIO) received
2021/06/21 15:55:44 [notice] 1#1: signal 17 (SIGCHLD) received from 45
2021/06/21 15:55:44 [notice] 1#1: worker process 45 exited with code 0
2021/06/21 15:55:44 [notice] 1#1: signal 29 (SIGIO) received
2021/06/21 15:55:44 [notice] 1#1: signal 17 (SIGCHLD) received from 43
2021/06/21 15:55:44 [notice] 1#1: worker process 42 exited with code 0
2021/06/21 15:55:44 [notice] 1#1: worker process 43 exited with code 0
2021/06/21 15:55:44 [notice] 1#1: worker process 46 exited with code 0
2021/06/21 15:55:44 [notice] 1#1: exit
